<?xml version="1.0" encoding="UTF-8"?>
<coverage generated="1777920800202" clover="3.2.0">
  <project timestamp="1777920800202" name="All files">
    <metrics statements="185" coveredstatements="182" conditionals="113" coveredconditionals="99" methods="27" coveredmethods="27" elements="325" coveredelements="308" complexity="0" loc="185" ncloc="185" packages="1" files="3" classes="3"/>
    <file name="dates.js" path="C:\Users\abdir\Documents\_Personal\Apps\-Cursor-Fajr-App-Final\utils\dates.js">
      <metrics statements="41" coveredstatements="41" conditionals="18" coveredconditionals="16" methods="10" coveredmethods="10"/>
      <line num="17" count="5" type="cond" truecount="2" falsecount="0"/>
      <line num="18" count="5" type="cond" truecount="2" falsecount="0"/>
      <line num="26" count="4" type="cond" truecount="2" falsecount="0"/>
      <line num="27" count="4" type="cond" truecount="2" falsecount="0"/>
      <line num="35" count="17059" type="stmt"/>
      <line num="47" count="4" type="cond" truecount="2" falsecount="0"/>
      <line num="48" count="4" type="cond" truecount="2" falsecount="0"/>
      <line num="49" count="3" type="cond" truecount="1" falsecount="1"/>
      <line num="57" count="155" type="cond" truecount="2" falsecount="0"/>
      <line num="58" count="155" type="stmt"/>
      <line num="66" count="3" type="stmt"/>
      <line num="67" count="3" type="stmt"/>
      <line num="68" count="3" type="stmt"/>
      <line num="71" count="3" type="stmt"/>
      <line num="93" count="8" type="stmt"/>
      <line num="94" count="8" type="stmt"/>
      <line num="95" count="8" type="stmt"/>
      <line num="98" count="8" type="stmt"/>
      <line num="104" count="8" type="stmt"/>
      <line num="105" count="8" type="stmt"/>
      <line num="106" count="8" type="stmt"/>
      <line num="108" count="8" type="stmt"/>
      <line num="110" count="8" type="stmt"/>
      <line num="115" count="8" type="stmt"/>
      <line num="116" count="8" type="stmt"/>
      <line num="117" count="8" type="stmt"/>
      <line num="119" count="8" type="stmt"/>
      <line num="120" count="8" type="cond" truecount="1" falsecount="1"/>
      <line num="121" count="8" type="stmt"/>
      <line num="134" count="1" type="stmt"/>
      <line num="135" count="1" type="stmt"/>
      <line num="136" count="1" type="stmt"/>
      <line num="149" count="163" type="stmt"/>
      <line num="150" count="163" type="stmt"/>
      <line num="159" count="28" type="stmt"/>
      <line num="160" count="28" type="stmt"/>
      <line num="161" count="28" type="stmt"/>
      <line num="162" count="28" type="stmt"/>
      <line num="163" count="16898" type="stmt"/>
      <line num="164" count="16898" type="stmt"/>
      <line num="166" count="28" type="stmt"/>
    </file>
    <file name="now.js" path="C:\Users\abdir\Documents\_Personal\Apps\-Cursor-Fajr-App-Final\utils\now.js">
      <metrics statements="9" coveredstatements="9" conditionals="6" coveredconditionals="6" methods="4" coveredmethods="4"/>
      <line num="3" count="3" type="stmt"/>
      <line num="9" count="23" type="cond" truecount="4" falsecount="0"/>
      <line num="16" count="4" type="stmt"/>
      <line num="24" count="10" type="cond" truecount="2" falsecount="0"/>
      <line num="25" count="6" type="stmt"/>
      <line num="26" count="6" type="stmt"/>
      <line num="27" count="6" type="stmt"/>
      <line num="29" count="4" type="stmt"/>
      <line num="36" count="3" type="stmt"/>
    </file>
    <file name="streak.js" path="C:\Users\abdir\Documents\_Personal\Apps\-Cursor-Fajr-App-Final\utils\streak.js">
      <metrics statements="135" coveredstatements="132" conditionals="89" coveredconditionals="77" methods="13" coveredmethods="13"/>
      <line num="16" count="665" type="cond" truecount="2" falsecount="0"/>
      <line num="17" count="664" type="cond" truecount="2" falsecount="0"/>
      <line num="18" count="151" type="stmt"/>
      <line num="19" count="151" type="cond" truecount="3" falsecount="0"/>
      <line num="29" count="2428" type="cond" truecount="2" falsecount="0"/>
      <line num="30" count="554" type="stmt"/>
      <line num="40" count="19" type="stmt"/>
      <line num="41" count="19" type="stmt"/>
      <line num="43" count="19" type="stmt"/>
      <line num="44" count="19" type="cond" truecount="2" falsecount="0"/>
      <line num="46" count="19" type="stmt"/>
      <line num="47" count="19" type="stmt"/>
      <line num="48" count="19" type="stmt"/>
      <line num="49" count="19" type="cond" truecount="2" falsecount="0"/>
      <line num="51" count="19" type="stmt"/>
      <line num="53" count="19" type="cond" truecount="4" falsecount="0"/>
      <line num="54" count="9" type="cond" truecount="2" falsecount="0"/>
      <line num="55" count="4" type="stmt"/>
      <line num="63" count="5" type="cond" truecount="3" falsecount="1"/>
      <line num="64" count="5" type="stmt"/>
      <line num="72" count="0" type="stmt"/>
      <line num="81" count="10" type="stmt"/>
      <line num="82" count="10" type="stmt"/>
      <line num="83" count="10" type="stmt"/>
      <line num="87" count="10" type="stmt"/>
      <line num="88" count="10" type="stmt"/>
      <line num="90" count="10" type="stmt"/>
      <line num="91" count="58" type="stmt"/>
      <line num="92" count="58" type="cond" truecount="2" falsecount="0"/>
      <line num="93" count="18" type="stmt"/>
      <line num="94" count="18" type="stmt"/>
      <line num="96" count="40" type="stmt"/>
      <line num="97" count="40" type="stmt"/>
      <line num="98" count="40" type="cond" truecount="2" falsecount="0"/>
      <line num="99" count="7" type="cond" truecount="2" falsecount="0"/>
      <line num="100" count="3" type="stmt"/>
      <line num="101" count="3" type="stmt"/>
      <line num="103" count="4" type="stmt"/>
      <line num="104" count="4" type="stmt"/>
      <line num="105" count="4" type="stmt"/>
      <line num="107" count="33" type="cond" truecount="2" falsecount="0"/>
      <line num="108" count="20" type="stmt"/>
      <line num="109" count="20" type="stmt"/>
      <line num="110" count="20" type="stmt"/>
      <line num="112" count="13" type="cond" truecount="5" falsecount="0"/>
      <line num="113" count="3" type="stmt"/>
      <line num="114" count="3" type="stmt"/>
      <line num="115" count="3" type="stmt"/>
      <line num="117" count="10" type="stmt"/>
      <line num="120" count="10" type="stmt"/>
      <line num="136" count="72" type="stmt"/>
      <line num="137" count="22" type="cond" truecount="2" falsecount="0"/>
      <line num="139" count="14" type="stmt"/>
      <line num="140" count="14" type="stmt"/>
      <line num="141" count="56" type="stmt"/>
      <line num="142" count="56" type="stmt"/>
      <line num="143" count="56" type="cond" truecount="1" falsecount="1"/>
      <line num="146" count="14" type="stmt"/>
      <line num="147" count="14" type="stmt"/>
      <line num="149" count="14" type="stmt"/>
      <line num="150" count="14" type="stmt"/>
      <line num="151" count="14" type="stmt"/>
      <line num="152" count="448" type="cond" truecount="2" falsecount="0"/>
      <line num="153" count="410" type="stmt"/>
      <line num="154" count="410" type="cond" truecount="2" falsecount="0"/>
      <line num="155" count="55" type="stmt"/>
      <line num="156" count="55" type="cond" truecount="2" falsecount="0"/>
      <line num="158" count="355" type="stmt"/>
      <line num="161" count="14" type="stmt"/>
      <line num="169" count="14" type="stmt"/>
      <line num="170" count="14" type="cond" truecount="1" falsecount="1"/>
      <line num="171" count="14" type="stmt"/>
      <line num="181" count="7" type="stmt"/>
      <line num="182" count="7" type="stmt"/>
      <line num="183" count="7" type="stmt"/>
      <line num="184" count="7" type="stmt"/>
      <line num="186" count="7" type="stmt"/>
      <line num="187" count="7" type="stmt"/>
      <line num="189" count="7" type="cond" truecount="2" falsecount="0"/>
      <line num="190" count="5" type="cond" truecount="2" falsecount="0"/>
      <line num="191" count="2" type="stmt"/>
      <line num="201" count="5" type="stmt"/>
      <line num="202" count="5" type="stmt"/>
      <line num="203" count="5" type="stmt"/>
      <line num="204" count="5" type="stmt"/>
      <line num="205" count="18" type="stmt"/>
      <line num="206" count="18" type="stmt"/>
      <line num="207" count="18" type="stmt"/>
      <line num="208" count="18" type="cond" truecount="2" falsecount="0"/>
      <line num="209" count="5" type="cond" truecount="1" falsecount="1"/>
      <line num="210" count="0" type="stmt"/>
      <line num="211" count="0" type="stmt"/>
      <line num="213" count="5" type="stmt"/>
      <line num="214" count="5" type="stmt"/>
      <line num="215" count="5" type="stmt"/>
      <line num="217" count="13" type="cond" truecount="2" falsecount="0"/>
      <line num="218" count="8" type="stmt"/>
      <line num="219" count="8" type="stmt"/>
      <line num="220" count="8" type="stmt"/>
      <line num="222" count="5" type="stmt"/>
      <line num="225" count="5" type="stmt"/>
      <line num="240" count="9" type="stmt"/>
      <line num="241" count="9" type="stmt"/>
      <line num="242" count="9" type="stmt"/>
      <line num="243" count="9" type="stmt"/>
      <line num="244" count="9" type="stmt"/>
      <line num="245" count="9" type="stmt"/>
      <line num="246" count="16434" type="stmt"/>
      <line num="247" count="16434" type="cond" truecount="2" falsecount="0"/>
      <line num="248" count="28" type="stmt"/>
      <line num="249" count="28" type="cond" truecount="2" falsecount="0"/>
      <line num="251" count="16406" type="stmt"/>
      <line num="254" count="9" type="stmt"/>
      <line num="263" count="3" type="stmt"/>
      <line num="264" count="3" type="stmt"/>
      <line num="265" count="3" type="stmt"/>
      <line num="266" count="3" type="cond" truecount="2" falsecount="0"/>
      <line num="268" count="3" type="stmt"/>
      <line num="277" count="5" type="stmt"/>
      <line num="278" count="5" type="stmt"/>
      <line num="289" count="10" type="stmt"/>
      <line num="290" count="10" type="stmt"/>
      <line num="291" count="10" type="cond" truecount="1" falsecount="1"/>
      <line num="292" count="10" type="cond" truecount="1" falsecount="1"/>
      <line num="293" count="10" type="cond" truecount="4" falsecount="0"/>
      <line num="295" count="10" type="stmt"/>
      <line num="296" count="10" type="stmt"/>
      <line num="298" count="10" type="stmt"/>
      <line num="299" count="113" type="cond" truecount="2" falsecount="0"/>
      <line num="300" count="73" type="stmt"/>
      <line num="301" count="73" type="stmt"/>
      <line num="302" count="73" type="cond" truecount="2" falsecount="0"/>
      <line num="305" count="10" type="cond" truecount="2" falsecount="0"/>
      <line num="306" count="10" type="cond" truecount="2" falsecount="0"/>
      <line num="307" count="10" type="stmt"/>
    </file>
  </project>
</coverage>
