{"C:\\Users\\abdir\\Documents\\_Personal\\Apps\\-Cursor-Fajr-App-Final\\utils\\dates.js": {"path":"C:\\Users\\abdir\\Documents\\_Personal\\Apps\\-Cursor-Fajr-App-Final\\utils\\dates.js","statementMap":{"0":{"start":{"line":17,"column":12},"end":{"line":17,"column":60}},"1":{"start":{"line":18,"column":2},"end":{"line":18,"column":38}},"2":{"start":{"line":26,"column":12},"end":{"line":26,"column":60}},"3":{"start":{"line":27,"column":2},"end":{"line":27,"column":42}},"4":{"start":{"line":35,"column":2},"end":{"line":35,"column":48}},"5":{"start":{"line":47,"column":12},"end":{"line":47,"column":60}},"6":{"start":{"line":48,"column":2},"end":{"line":48,"column":29}},"7":{"start":{"line":48,"column":19},"end":{"line":48,"column":29}},"8":{"start":{"line":49,"column":2},"end":{"line":49,"column":74}},"9":{"start":{"line":57,"column":12},"end":{"line":57,"column":60}},"10":{"start":{"line":58,"column":2},"end":{"line":58,"column":19}},"11":{"start":{"line":66,"column":15},"end":{"line":66,"column":49}},"12":{"start":{"line":67,"column":16},"end":{"line":67,"column":77}},"13":{"start":{"line":68,"column":2},"end":{"line":68,"column":64}},"14":{"start":{"line":71,"column":26},"end":{"line":84,"column":1}},"15":{"start":{"line":93,"column":12},"end":{"line":93,"column":31}},"16":{"start":{"line":94,"column":12},"end":{"line":94,"column":32}},"17":{"start":{"line":95,"column":12},"end":{"line":95,"column":27}},"18":{"start":{"line":98,"column":4},"end":{"line":102,"column":9}},"19":{"start":{"line":104,"column":12},"end":{"line":104,"column":32}},"20":{"start":{"line":105,"column":12},"end":{"line":105,"column":39}},"21":{"start":{"line":106,"column":11},"end":{"line":106,"column":30}},"22":{"start":{"line":108,"column":4},"end":{"line":109,"column":57}},"23":{"start":{"line":110,"column":2},"end":{"line":114,"column":7}},"24":{"start":{"line":115,"column":13},"end":{"line":115,"column":40}},"25":{"start":{"line":116,"column":13},"end":{"line":116,"column":45}},"26":{"start":{"line":117,"column":13},"end":{"line":117,"column":28}},"27":{"start":{"line":119,"column":21},"end":{"line":119,"column":54}},"28":{"start":{"line":120,"column":23},"end":{"line":120,"column":35}},"29":{"start":{"line":121,"column":2},"end":{"line":126,"column":4}},"30":{"start":{"line":134,"column":12},"end":{"line":134,"column":34}},"31":{"start":{"line":135,"column":16},"end":{"line":135,"column":43}},"32":{"start":{"line":136,"column":2},"end":{"line":141,"column":5}},"33":{"start":{"line":149,"column":23},"end":{"line":149,"column":49}},"34":{"start":{"line":150,"column":2},"end":{"line":150,"column":34}},"35":{"start":{"line":159,"column":14},"end":{"line":159,"column":16}},"36":{"start":{"line":160,"column":12},"end":{"line":160,"column":28}},"37":{"start":{"line":161,"column":14},"end":{"line":161,"column":28}},"38":{"start":{"line":162,"column":2},"end":{"line":165,"column":3}},"39":{"start":{"line":163,"column":4},"end":{"line":163,"column":28}},"40":{"start":{"line":164,"column":4},"end":{"line":164,"column":26}},"41":{"start":{"line":166,"column":2},"end":{"line":166,"column":13}}},"fnMap":{"0":{"name":"isToday","decl":{"start":{"line":16,"column":16},"end":{"line":16,"column":23}},"loc":{"start":{"line":16,"column":30},"end":{"line":19,"column":1}},"line":16},"1":{"name":"isYesterday","decl":{"start":{"line":25,"column":16},"end":{"line":25,"column":27}},"loc":{"start":{"line":25,"column":34},"end":{"line":28,"column":1}},"line":25},"2":{"name":"toLocalDateString","decl":{"start":{"line":34,"column":16},"end":{"line":34,"column":33}},"loc":{"start":{"line":34,"column":40},"end":{"line":36,"column":1}},"line":34},"3":{"name":"formatDateDisplay","decl":{"start":{"line":46,"column":16},"end":{"line":46,"column":33}},"loc":{"start":{"line":46,"column":48},"end":{"line":50,"column":1}},"line":46},"4":{"name":"getDayIndex","decl":{"start":{"line":56,"column":16},"end":{"line":56,"column":27}},"loc":{"start":{"line":56,"column":34},"end":{"line":59,"column":1}},"line":56},"5":{"name":"getDayOfYear","decl":{"start":{"line":65,"column":16},"end":{"line":65,"column":28}},"loc":{"start":{"line":65,"column":35},"end":{"line":69,"column":1}},"line":65},"6":{"name":"gregorianToHijri","decl":{"start":{"line":92,"column":16},"end":{"line":92,"column":32}},"loc":{"start":{"line":92,"column":40},"end":{"line":127,"column":1}},"line":92},"7":{"name":"formatHijriDisplay","decl":{"start":{"line":133,"column":16},"end":{"line":133,"column":34}},"loc":{"start":{"line":133,"column":44},"end":{"line":142,"column":1}},"line":133},"8":{"name":"parseYmd","decl":{"start":{"line":148,"column":16},"end":{"line":148,"column":24}},"loc":{"start":{"line":148,"column":30},"end":{"line":151,"column":1}},"line":148},"9":{"name":"eachDayInclusive","decl":{"start":{"line":158,"column":16},"end":{"line":158,"column":32}},"loc":{"start":{"line":158,"column":43},"end":{"line":167,"column":1}},"line":158}},"branchMap":{"0":{"loc":{"start":{"line":17,"column":12},"end":{"line":17,"column":60}},"type":"cond-expr","locations":[{"start":{"line":17,"column":39},"end":{"line":17,"column":53}},{"start":{"line":17,"column":56},"end":{"line":17,"column":60}}],"line":17},"1":{"loc":{"start":{"line":18,"column":9},"end":{"line":18,"column":37}},"type":"binary-expr","locations":[{"start":{"line":18,"column":9},"end":{"line":18,"column":19}},{"start":{"line":18,"column":23},"end":{"line":18,"column":37}}],"line":18},"2":{"loc":{"start":{"line":26,"column":12},"end":{"line":26,"column":60}},"type":"cond-expr","locations":[{"start":{"line":26,"column":39},"end":{"line":26,"column":53}},{"start":{"line":26,"column":56},"end":{"line":26,"column":60}}],"line":26},"3":{"loc":{"start":{"line":27,"column":9},"end":{"line":27,"column":41}},"type":"binary-expr","locations":[{"start":{"line":27,"column":9},"end":{"line":27,"column":19}},{"start":{"line":27,"column":23},"end":{"line":27,"column":41}}],"line":27},"4":{"loc":{"start":{"line":47,"column":12},"end":{"line":47,"column":60}},"type":"cond-expr","locations":[{"start":{"line":47,"column":39},"end":{"line":47,"column":53}},{"start":{"line":47,"column":56},"end":{"line":47,"column":60}}],"line":47},"5":{"loc":{"start":{"line":48,"column":2},"end":{"line":48,"column":29}},"type":"if","locations":[{"start":{"line":48,"column":2},"end":{"line":48,"column":29}},{"start":{},"end":{}}],"line":48},"6":{"loc":{"start":{"line":49,"column":41},"end":{"line":49,"column":72}},"type":"cond-expr","locations":[{"start":{"line":49,"column":50},"end":{"line":49,"column":60}},{"start":{"line":49,"column":63},"end":{"line":49,"column":72}}],"line":49},"7":{"loc":{"start":{"line":57,"column":12},"end":{"line":57,"column":60}},"type":"cond-expr","locations":[{"start":{"line":57,"column":39},"end":{"line":57,"column":53}},{"start":{"line":57,"column":56},"end":{"line":57,"column":60}}],"line":57},"8":{"loc":{"start":{"line":120,"column":23},"end":{"line":120,"column":35}},"type":"binary-expr","locations":[{"start":{"line":120,"column":23},"end":{"line":120,"column":29}},{"start":{"line":120,"column":33},"end":{"line":120,"column":35}}],"line":120}},"s":{"0":5,"1":5,"2":4,"3":4,"4":17059,"5":4,"6":4,"7":1,"8":3,"9":155,"10":155,"11":3,"12":3,"13":3,"14":3,"15":8,"16":8,"17":8,"18":8,"19":8,"20":8,"21":8,"22":8,"23":8,"24":8,"25":8,"26":8,"27":8,"28":8,"29":8,"30":1,"31":1,"32":1,"33":163,"34":163,"35":28,"36":28,"37":28,"38":28,"39":16898,"40":16898,"41":28},"f":{"0":5,"1":4,"2":17059,"3":4,"4":155,"5":3,"6":8,"7":1,"8":163,"9":28},"b":{"0":[3,2],"1":[5,4],"2":[2,2],"3":[4,3],"4":[2,2],"5":[1,3],"6":[0,3],"7":[1,154],"8":[8,0]},"_coverageSchema":"1a1c01bbd47fc00a2c39e90264f33305004495a9","hash":"b79c3038f352620d0fd976203b7de38a1e1c4154"}
,"C:\\Users\\abdir\\Documents\\_Personal\\Apps\\-Cursor-Fajr-App-Final\\utils\\now.js": {"path":"C:\\Users\\abdir\\Documents\\_Personal\\Apps\\-Cursor-Fajr-App-Final\\utils\\now.js","statementMap":{"0":{"start":{"line":3,"column":22},"end":{"line":3,"column":26}},"1":{"start":{"line":9,"column":2},"end":{"line":9,"column":64}},"2":{"start":{"line":16,"column":2},"end":{"line":16,"column":25}},"3":{"start":{"line":24,"column":2},"end":{"line":28,"column":3}},"4":{"start":{"line":25,"column":14},"end":{"line":25,"column":39}},"5":{"start":{"line":26,"column":4},"end":{"line":26,"column":28}},"6":{"start":{"line":27,"column":4},"end":{"line":27,"column":13}},"7":{"start":{"line":29,"column":2},"end":{"line":29,"column":20}},"8":{"start":{"line":36,"column":2},"end":{"line":36,"column":29}}},"fnMap":{"0":{"name":"setDevDateOverride","decl":{"start":{"line":8,"column":16},"end":{"line":8,"column":34}},"loc":{"start":{"line":8,"column":40},"end":{"line":10,"column":1}},"line":8},"1":{"name":"getDevDateOverride","decl":{"start":{"line":15,"column":16},"end":{"line":15,"column":34}},"loc":{"start":{"line":15,"column":37},"end":{"line":17,"column":1}},"line":15},"2":{"name":"now","decl":{"start":{"line":23,"column":16},"end":{"line":23,"column":19}},"loc":{"start":{"line":23,"column":22},"end":{"line":30,"column":1}},"line":23},"3":{"name":"nowIso","decl":{"start":{"line":35,"column":16},"end":{"line":35,"column":22}},"loc":{"start":{"line":35,"column":25},"end":{"line":37,"column":1}},"line":35}},"branchMap":{"0":{"loc":{"start":{"line":9,"column":20},"end":{"line":9,"column":63}},"type":"cond-expr","locations":[{"start":{"line":9,"column":53},"end":{"line":9,"column":56}},{"start":{"line":9,"column":59},"end":{"line":9,"column":63}}],"line":9},"1":{"loc":{"start":{"line":9,"column":20},"end":{"line":9,"column":50}},"type":"binary-expr","locations":[{"start":{"line":9,"column":20},"end":{"line":9,"column":43}},{"start":{"line":9,"column":47},"end":{"line":9,"column":50}}],"line":9},"2":{"loc":{"start":{"line":24,"column":2},"end":{"line":28,"column":3}},"type":"if","locations":[{"start":{"line":24,"column":2},"end":{"line":28,"column":3}},{"start":{},"end":{}}],"line":24}},"s":{"0":3,"1":23,"2":4,"3":10,"4":6,"5":6,"6":6,"7":4,"8":3},"f":{"0":23,"1":4,"2":10,"3":3},"b":{"0":[8,15],"1":[23,9],"2":[6,4]},"_coverageSchema":"1a1c01bbd47fc00a2c39e90264f33305004495a9","hash":"a138dcb88ddbc75818a77b3d849ab697f290de1c"}
,"C:\\Users\\abdir\\Documents\\_Personal\\Apps\\-Cursor-Fajr-App-Final\\utils\\streak.js": {"path":"C:\\Users\\abdir\\Documents\\_Personal\\Apps\\-Cursor-Fajr-App-Final\\utils\\streak.js","statementMap":{"0":{"start":{"line":16,"column":2},"end":{"line":16,"column":27}},"1":{"start":{"line":16,"column":14},"end":{"line":16,"column":27}},"2":{"start":{"line":17,"column":2},"end":{"line":17,"column":47}},"3":{"start":{"line":17,"column":35},"end":{"line":17,"column":47}},"4":{"start":{"line":18,"column":14},"end":{"line":18,"column":31}},"5":{"start":{"line":19,"column":2},"end":{"line":19,"column":112}},"6":{"start":{"line":29,"column":16},"end":{"line":29,"column":77}},"7":{"start":{"line":29,"column":33},"end":{"line":29,"column":76}},"8":{"start":{"line":30,"column":2},"end":{"line":30,"column":35}},"9":{"start":{"line":40,"column":16},"end":{"line":40,"column":35}},"10":{"start":{"line":41,"column":19},"end":{"line":41,"column":43}},"11":{"start":{"line":43,"column":19},"end":{"line":43,"column":49}},"12":{"start":{"line":44,"column":25},"end":{"line":44,"column":79}},"13":{"start":{"line":46,"column":20},"end":{"line":46,"column":37}},"14":{"start":{"line":47,"column":23},"end":{"line":47,"column":51}},"15":{"start":{"line":48,"column":23},"end":{"line":48,"column":57}},"16":{"start":{"line":49,"column":29},"end":{"line":49,"column":91}},"17":{"start":{"line":51,"column":18},"end":{"line":51,"column":80}},"18":{"start":{"line":51,"column":24},"end":{"line":51,"column":80}},"19":{"start":{"line":53,"column":2},"end":{"line":79,"column":3}},"20":{"start":{"line":54,"column":4},"end":{"line":62,"column":5}},"21":{"start":{"line":55,"column":6},"end":{"line":61,"column":8}},"22":{"start":{"line":63,"column":4},"end":{"line":71,"column":5}},"23":{"start":{"line":64,"column":6},"end":{"line":70,"column":8}},"24":{"start":{"line":72,"column":4},"end":{"line":78,"column":6}},"25":{"start":{"line":81,"column":22},"end":{"line":81,"column":23}},"26":{"start":{"line":82,"column":10},"end":{"line":82,"column":11}},"27":{"start":{"line":83,"column":18},"end":{"line":83,"column":22}},"28":{"start":{"line":87,"column":35},"end":{"line":87,"column":44}},"29":{"start":{"line":88,"column":33},"end":{"line":88,"column":38}},"30":{"start":{"line":90,"column":2},"end":{"line":118,"column":3}},"31":{"start":{"line":91,"column":14},"end":{"line":91,"column":31}},"32":{"start":{"line":92,"column":4},"end":{"line":95,"column":5}},"33":{"start":{"line":93,"column":6},"end":{"line":93,"column":13}},"34":{"start":{"line":94,"column":6},"end":{"line":94,"column":15}},"35":{"start":{"line":96,"column":15},"end":{"line":96,"column":35}},"36":{"start":{"line":97,"column":17},"end":{"line":97,"column":53}},"37":{"start":{"line":98,"column":4},"end":{"line":106,"column":5}},"38":{"start":{"line":99,"column":6},"end":{"line":102,"column":7}},"39":{"start":{"line":100,"column":8},"end":{"line":100,"column":15}},"40":{"start":{"line":101,"column":8},"end":{"line":101,"column":17}},"41":{"start":{"line":103,"column":6},"end":{"line":103,"column":25}},"42":{"start":{"line":104,"column":6},"end":{"line":104,"column":13}},"43":{"start":{"line":105,"column":6},"end":{"line":105,"column":15}},"44":{"start":{"line":107,"column":4},"end":{"line":111,"column":5}},"45":{"start":{"line":108,"column":6},"end":{"line":108,"column":25}},"46":{"start":{"line":109,"column":6},"end":{"line":109,"column":13}},"47":{"start":{"line":110,"column":6},"end":{"line":110,"column":15}},"48":{"start":{"line":112,"column":4},"end":{"line":116,"column":5}},"49":{"start":{"line":113,"column":6},"end":{"line":113,"column":38}},"50":{"start":{"line":114,"column":6},"end":{"line":114,"column":13}},"51":{"start":{"line":115,"column":6},"end":{"line":115,"column":15}},"52":{"start":{"line":117,"column":4},"end":{"line":117,"column":10}},"53":{"start":{"line":120,"column":2},"end":{"line":126,"column":4}},"54":{"start":{"line":136,"column":20},"end":{"line":136,"column":61}},"55":{"start":{"line":136,"column":39},"end":{"line":136,"column":60}},"56":{"start":{"line":137,"column":2},"end":{"line":137,"column":39}},"57":{"start":{"line":137,"column":30},"end":{"line":137,"column":39}},"58":{"start":{"line":139,"column":13},"end":{"line":139,"column":45}},"59":{"start":{"line":140,"column":2},"end":{"line":144,"column":3}},"60":{"start":{"line":141,"column":14},"end":{"line":141,"column":30}},"61":{"start":{"line":142,"column":14},"end":{"line":142,"column":28}},"62":{"start":{"line":143,"column":4},"end":{"line":143,"column":38}},"63":{"start":{"line":143,"column":24},"end":{"line":143,"column":38}},"64":{"start":{"line":146,"column":15},"end":{"line":146,"column":41}},"65":{"start":{"line":147,"column":15},"end":{"line":147,"column":63}},"66":{"start":{"line":149,"column":12},"end":{"line":149,"column":13}},"67":{"start":{"line":150,"column":13},"end":{"line":150,"column":14}},"68":{"start":{"line":151,"column":2},"end":{"line":160,"column":3}},"69":{"start":{"line":152,"column":4},"end":{"line":152,"column":48}},"70":{"start":{"line":152,"column":39},"end":{"line":152,"column":48}},"71":{"start":{"line":153,"column":15},"end":{"line":153,"column":37}},"72":{"start":{"line":154,"column":4},"end":{"line":159,"column":5}},"73":{"start":{"line":155,"column":6},"end":{"line":155,"column":15}},"74":{"start":{"line":156,"column":6},"end":{"line":156,"column":33}},"75":{"start":{"line":156,"column":22},"end":{"line":156,"column":33}},"76":{"start":{"line":158,"column":6},"end":{"line":158,"column":14}},"77":{"start":{"line":161,"column":2},"end":{"line":161,"column":14}},"78":{"start":{"line":169,"column":12},"end":{"line":169,"column":25}},"79":{"start":{"line":170,"column":2},"end":{"line":170,"column":51}},"80":{"start":{"line":170,"column":19},"end":{"line":170,"column":51}},"81":{"start":{"line":171,"column":2},"end":{"line":171,"column":30}},"82":{"start":{"line":181,"column":16},"end":{"line":181,"column":35}},"83":{"start":{"line":182,"column":19},"end":{"line":182,"column":43}},"84":{"start":{"line":183,"column":19},"end":{"line":183,"column":23}},"85":{"start":{"line":184,"column":25},"end":{"line":184,"column":55}},"86":{"start":{"line":186,"column":23},"end":{"line":186,"column":59}},"87":{"start":{"line":187,"column":29},"end":{"line":187,"column":63}},"88":{"start":{"line":189,"column":2},"end":{"line":199,"column":3}},"89":{"start":{"line":190,"column":4},"end":{"line":198,"column":5}},"90":{"start":{"line":191,"column":6},"end":{"line":197,"column":8}},"91":{"start":{"line":201,"column":22},"end":{"line":201,"column":23}},"92":{"start":{"line":202,"column":10},"end":{"line":202,"column":11}},"93":{"start":{"line":203,"column":18},"end":{"line":203,"column":22}},"94":{"start":{"line":204,"column":2},"end":{"line":223,"column":3}},"95":{"start":{"line":205,"column":14},"end":{"line":205,"column":31}},"96":{"start":{"line":206,"column":15},"end":{"line":206,"column":35}},"97":{"start":{"line":207,"column":17},"end":{"line":207,"column":41}},"98":{"start":{"line":208,"column":4},"end":{"line":216,"column":5}},"99":{"start":{"line":209,"column":6},"end":{"line":212,"column":7}},"100":{"start":{"line":210,"column":8},"end":{"line":210,"column":15}},"101":{"start":{"line":211,"column":8},"end":{"line":211,"column":17}},"102":{"start":{"line":213,"column":6},"end":{"line":213,"column":25}},"103":{"start":{"line":214,"column":6},"end":{"line":214,"column":13}},"104":{"start":{"line":215,"column":6},"end":{"line":215,"column":15}},"105":{"start":{"line":217,"column":4},"end":{"line":221,"column":5}},"106":{"start":{"line":218,"column":6},"end":{"line":218,"column":25}},"107":{"start":{"line":219,"column":6},"end":{"line":219,"column":13}},"108":{"start":{"line":220,"column":6},"end":{"line":220,"column":15}},"109":{"start":{"line":222,"column":4},"end":{"line":222,"column":10}},"110":{"start":{"line":225,"column":2},"end":{"line":231,"column":4}},"111":{"start":{"line":240,"column":14},"end":{"line":240,"column":33}},"112":{"start":{"line":241,"column":16},"end":{"line":241,"column":37}},"113":{"start":{"line":242,"column":15},"end":{"line":242,"column":43}},"114":{"start":{"line":243,"column":12},"end":{"line":243,"column":13}},"115":{"start":{"line":244,"column":13},"end":{"line":244,"column":14}},"116":{"start":{"line":245,"column":2},"end":{"line":253,"column":3}},"117":{"start":{"line":246,"column":15},"end":{"line":246,"column":37}},"118":{"start":{"line":247,"column":4},"end":{"line":252,"column":5}},"119":{"start":{"line":248,"column":6},"end":{"line":248,"column":15}},"120":{"start":{"line":249,"column":6},"end":{"line":249,"column":33}},"121":{"start":{"line":249,"column":22},"end":{"line":249,"column":33}},"122":{"start":{"line":251,"column":6},"end":{"line":251,"column":14}},"123":{"start":{"line":254,"column":2},"end":{"line":254,"column":14}},"124":{"start":{"line":263,"column":10},"end":{"line":263,"column":11}},"125":{"start":{"line":264,"column":2},"end":{"line":267,"column":3}},"126":{"start":{"line":265,"column":15},"end":{"line":265,"column":55}},"127":{"start":{"line":266,"column":4},"end":{"line":266,"column":23}},"128":{"start":{"line":266,"column":16},"end":{"line":266,"column":23}},"129":{"start":{"line":268,"column":2},"end":{"line":268,"column":11}},"130":{"start":{"line":277,"column":12},"end":{"line":277,"column":25}},"131":{"start":{"line":278,"column":2},"end":{"line":278,"column":49}},"132":{"start":{"line":289,"column":15},"end":{"line":289,"column":40}},"133":{"start":{"line":290,"column":17},"end":{"line":290,"column":35}},"134":{"start":{"line":291,"column":21},"end":{"line":291,"column":73}},"135":{"start":{"line":292,"column":19},"end":{"line":292,"column":78}},"136":{"start":{"line":293,"column":16},"end":{"line":293,"column":82}},"137":{"start":{"line":295,"column":22},"end":{"line":295,"column":23}},"138":{"start":{"line":296,"column":16},"end":{"line":296,"column":17}},"139":{"start":{"line":298,"column":2},"end":{"line":303,"column":3}},"140":{"start":{"line":298,"column":15},"end":{"line":298,"column":30}},"141":{"start":{"line":299,"column":4},"end":{"line":299,"column":46}},"142":{"start":{"line":299,"column":37},"end":{"line":299,"column":46}},"143":{"start":{"line":300,"column":4},"end":{"line":300,"column":17}},"144":{"start":{"line":301,"column":15},"end":{"line":301,"column":35}},"145":{"start":{"line":302,"column":4},"end":{"line":302,"column":65}},"146":{"start":{"line":302,"column":46},"end":{"line":302,"column":65}},"147":{"start":{"line":305,"column":21},"end":{"line":305,"column":82}},"148":{"start":{"line":306,"column":20},"end":{"line":306,"column":60}},"149":{"start":{"line":307,"column":2},"end":{"line":307,"column":59}}},"fnMap":{"0":{"name":"isHabitDueOnDate","decl":{"start":{"line":15,"column":16},"end":{"line":15,"column":32}},"loc":{"start":{"line":15,"column":46},"end":{"line":20,"column":1}},"line":15},"1":{"name":"isCompletedOnDate","decl":{"start":{"line":28,"column":9},"end":{"line":28,"column":26}},"loc":{"start":{"line":28,"column":51},"end":{"line":31,"column":1}},"line":28},"2":{"name":"(anonymous_2)","decl":{"start":{"line":29,"column":26},"end":{"line":29,"column":27}},"loc":{"start":{"line":29,"column":33},"end":{"line":29,"column":76}},"line":29},"3":{"name":"calculateStreak","decl":{"start":{"line":39,"column":16},"end":{"line":39,"column":31}},"loc":{"start":{"line":39,"column":71},"end":{"line":127,"column":1}},"line":39},"4":{"name":"(anonymous_4)","decl":{"start":{"line":51,"column":18},"end":{"line":51,"column":19}},"loc":{"start":{"line":51,"column":24},"end":{"line":51,"column":80}},"line":51},"5":{"name":"longestStreakEverForHabit","decl":{"start":{"line":135,"column":16},"end":{"line":135,"column":41}},"loc":{"start":{"line":135,"column":81},"end":{"line":162,"column":1}},"line":135},"6":{"name":"(anonymous_6)","decl":{"start":{"line":136,"column":32},"end":{"line":136,"column":33}},"loc":{"start":{"line":136,"column":39},"end":{"line":136,"column":60}},"line":136},"7":{"name":"todayStrFromIso","decl":{"start":{"line":168,"column":9},"end":{"line":168,"column":24}},"loc":{"start":{"line":168,"column":30},"end":{"line":172,"column":1}},"line":168},"8":{"name":"calculateDailyStreak","decl":{"start":{"line":180,"column":16},"end":{"line":180,"column":36}},"loc":{"start":{"line":180,"column":76},"end":{"line":232,"column":1}},"line":180},"9":{"name":"longestDailyStreakFromPredicate","decl":{"start":{"line":239,"column":16},"end":{"line":239,"column":47}},"loc":{"start":{"line":239,"column":79},"end":{"line":255,"column":1}},"line":239},"10":{"name":"maxLongestStreakAcrossHabits","decl":{"start":{"line":262,"column":16},"end":{"line":262,"column":44}},"loc":{"start":{"line":262,"column":59},"end":{"line":269,"column":1}},"line":262},"11":{"name":"isDateInFutureYmd","decl":{"start":{"line":276,"column":16},"end":{"line":276,"column":33}},"loc":{"start":{"line":276,"column":52},"end":{"line":279,"column":1}},"line":276},"12":{"name":"calculateMonthlyConsistency","decl":{"start":{"line":288,"column":16},"end":{"line":288,"column":43}},"loc":{"start":{"line":288,"column":89},"end":{"line":308,"column":1}},"line":288}},"branchMap":{"0":{"loc":{"start":{"line":16,"column":2},"end":{"line":16,"column":27}},"type":"if","locations":[{"start":{"line":16,"column":2},"end":{"line":16,"column":27}},{"start":{},"end":{}}],"line":16},"1":{"loc":{"start":{"line":17,"column":2},"end":{"line":17,"column":47}},"type":"if","locations":[{"start":{"line":17,"column":2},"end":{"line":17,"column":47}},{"start":{},"end":{}}],"line":17},"2":{"loc":{"start":{"line":19,"column":9},"end":{"line":19,"column":111}},"type":"binary-expr","locations":[{"start":{"line":19,"column":9},"end":{"line":19,"column":42}},{"start":{"line":19,"column":46},"end":{"line":19,"column":75}},{"start":{"line":19,"column":79},"end":{"line":19,"column":111}}],"line":19},"3":{"loc":{"start":{"line":29,"column":33},"end":{"line":29,"column":76}},"type":"binary-expr","locations":[{"start":{"line":29,"column":33},"end":{"line":29,"column":54}},{"start":{"line":29,"column":58},"end":{"line":29,"column":76}}],"line":29},"4":{"loc":{"start":{"line":39,"column":54},"end":{"line":39,"column":69}},"type":"default-arg","locations":[{"start":{"line":39,"column":64},"end":{"line":39,"column":69}}],"line":39},"5":{"loc":{"start":{"line":44,"column":25},"end":{"line":44,"column":79}},"type":"binary-expr","locations":[{"start":{"line":44,"column":25},"end":{"line":44,"column":33}},{"start":{"line":44,"column":37},"end":{"line":44,"column":79}}],"line":44},"6":{"loc":{"start":{"line":49,"column":29},"end":{"line":49,"column":91}},"type":"binary-expr","locations":[{"start":{"line":49,"column":29},"end":{"line":49,"column":41}},{"start":{"line":49,"column":45},"end":{"line":49,"column":91}}],"line":49},"7":{"loc":{"start":{"line":53,"column":2},"end":{"line":79,"column":3}},"type":"if","locations":[{"start":{"line":53,"column":2},"end":{"line":79,"column":3}},{"start":{},"end":{}}],"line":53},"8":{"loc":{"start":{"line":53,"column":6},"end":{"line":53,"column":41}},"type":"binary-expr","locations":[{"start":{"line":53,"column":6},"end":{"line":53,"column":18}},{"start":{"line":53,"column":22},"end":{"line":53,"column":41}}],"line":53},"9":{"loc":{"start":{"line":54,"column":4},"end":{"line":62,"column":5}},"type":"if","locations":[{"start":{"line":54,"column":4},"end":{"line":62,"column":5}},{"start":{},"end":{}}],"line":54},"10":{"loc":{"start":{"line":63,"column":4},"end":{"line":71,"column":5}},"type":"if","locations":[{"start":{"line":63,"column":4},"end":{"line":71,"column":5}},{"start":{},"end":{}}],"line":63},"11":{"loc":{"start":{"line":63,"column":8},"end":{"line":63,"column":35}},"type":"binary-expr","locations":[{"start":{"line":63,"column":8},"end":{"line":63,"column":16}},{"start":{"line":63,"column":20},"end":{"line":63,"column":35}}],"line":63},"12":{"loc":{"start":{"line":77,"column":14},"end":{"line":77,"column":41}},"type":"binary-expr","locations":[{"start":{"line":77,"column":14},"end":{"line":77,"column":22}},{"start":{"line":77,"column":26},"end":{"line":77,"column":41}}],"line":77},"13":{"loc":{"start":{"line":92,"column":4},"end":{"line":95,"column":5}},"type":"if","locations":[{"start":{"line":92,"column":4},"end":{"line":95,"column":5}},{"start":{},"end":{}}],"line":92},"14":{"loc":{"start":{"line":98,"column":4},"end":{"line":106,"column":5}},"type":"if","locations":[{"start":{"line":98,"column":4},"end":{"line":106,"column":5}},{"start":{},"end":{}}],"line":98},"15":{"loc":{"start":{"line":99,"column":6},"end":{"line":102,"column":7}},"type":"if","locations":[{"start":{"line":99,"column":6},"end":{"line":102,"column":7}},{"start":{},"end":{}}],"line":99},"16":{"loc":{"start":{"line":107,"column":4},"end":{"line":111,"column":5}},"type":"if","locations":[{"start":{"line":107,"column":4},"end":{"line":111,"column":5}},{"start":{},"end":{}}],"line":107},"17":{"loc":{"start":{"line":112,"column":4},"end":{"line":116,"column":5}},"type":"if","locations":[{"start":{"line":112,"column":4},"end":{"line":116,"column":5}},{"start":{},"end":{}}],"line":112},"18":{"loc":{"start":{"line":112,"column":8},"end":{"line":112,"column":84}},"type":"binary-expr","locations":[{"start":{"line":112,"column":8},"end":{"line":112,"column":32}},{"start":{"line":112,"column":36},"end":{"line":112,"column":55}},{"start":{"line":112,"column":59},"end":{"line":112,"column":84}}],"line":112},"19":{"loc":{"start":{"line":125,"column":12},"end":{"line":125,"column":39}},"type":"binary-expr","locations":[{"start":{"line":125,"column":12},"end":{"line":125,"column":20}},{"start":{"line":125,"column":24},"end":{"line":125,"column":39}}],"line":125},"20":{"loc":{"start":{"line":135,"column":64},"end":{"line":135,"column":79}},"type":"default-arg","locations":[{"start":{"line":135,"column":74},"end":{"line":135,"column":79}}],"line":135},"21":{"loc":{"start":{"line":137,"column":2},"end":{"line":137,"column":39}},"type":"if","locations":[{"start":{"line":137,"column":2},"end":{"line":137,"column":39}},{"start":{},"end":{}}],"line":137},"22":{"loc":{"start":{"line":143,"column":4},"end":{"line":143,"column":38}},"type":"if","locations":[{"start":{"line":143,"column":4},"end":{"line":143,"column":38}},{"start":{},"end":{}}],"line":143},"23":{"loc":{"start":{"line":152,"column":4},"end":{"line":152,"column":48}},"type":"if","locations":[{"start":{"line":152,"column":4},"end":{"line":152,"column":48}},{"start":{},"end":{}}],"line":152},"24":{"loc":{"start":{"line":154,"column":4},"end":{"line":159,"column":5}},"type":"if","locations":[{"start":{"line":154,"column":4},"end":{"line":159,"column":5}},{"start":{"line":157,"column":11},"end":{"line":159,"column":5}}],"line":154},"25":{"loc":{"start":{"line":156,"column":6},"end":{"line":156,"column":33}},"type":"if","locations":[{"start":{"line":156,"column":6},"end":{"line":156,"column":33}},{"start":{},"end":{}}],"line":156},"26":{"loc":{"start":{"line":170,"column":2},"end":{"line":170,"column":51}},"type":"if","locations":[{"start":{"line":170,"column":2},"end":{"line":170,"column":51}},{"start":{},"end":{}}],"line":170},"27":{"loc":{"start":{"line":180,"column":59},"end":{"line":180,"column":74}},"type":"default-arg","locations":[{"start":{"line":180,"column":69},"end":{"line":180,"column":74}}],"line":180},"28":{"loc":{"start":{"line":189,"column":2},"end":{"line":199,"column":3}},"type":"if","locations":[{"start":{"line":189,"column":2},"end":{"line":199,"column":3}},{"start":{},"end":{}}],"line":189},"29":{"loc":{"start":{"line":190,"column":4},"end":{"line":198,"column":5}},"type":"if","locations":[{"start":{"line":190,"column":4},"end":{"line":198,"column":5}},{"start":{},"end":{}}],"line":190},"30":{"loc":{"start":{"line":208,"column":4},"end":{"line":216,"column":5}},"type":"if","locations":[{"start":{"line":208,"column":4},"end":{"line":216,"column":5}},{"start":{},"end":{}}],"line":208},"31":{"loc":{"start":{"line":209,"column":6},"end":{"line":212,"column":7}},"type":"if","locations":[{"start":{"line":209,"column":6},"end":{"line":212,"column":7}},{"start":{},"end":{}}],"line":209},"32":{"loc":{"start":{"line":217,"column":4},"end":{"line":221,"column":5}},"type":"if","locations":[{"start":{"line":217,"column":4},"end":{"line":221,"column":5}},{"start":{},"end":{}}],"line":217},"33":{"loc":{"start":{"line":247,"column":4},"end":{"line":252,"column":5}},"type":"if","locations":[{"start":{"line":247,"column":4},"end":{"line":252,"column":5}},{"start":{"line":250,"column":11},"end":{"line":252,"column":5}}],"line":247},"34":{"loc":{"start":{"line":249,"column":6},"end":{"line":249,"column":33}},"type":"if","locations":[{"start":{"line":249,"column":6},"end":{"line":249,"column":33}},{"start":{},"end":{}}],"line":249},"35":{"loc":{"start":{"line":266,"column":4},"end":{"line":266,"column":23}},"type":"if","locations":[{"start":{"line":266,"column":4},"end":{"line":266,"column":23}},{"start":{},"end":{}}],"line":266},"36":{"loc":{"start":{"line":276,"column":39},"end":{"line":276,"column":50}},"type":"default-arg","locations":[{"start":{"line":276,"column":45},"end":{"line":276,"column":50}}],"line":276},"37":{"loc":{"start":{"line":288,"column":66},"end":{"line":288,"column":87}},"type":"default-arg","locations":[{"start":{"line":288,"column":82},"end":{"line":288,"column":87}}],"line":288},"38":{"loc":{"start":{"line":291,"column":21},"end":{"line":291,"column":73}},"type":"cond-expr","locations":[{"start":{"line":291,"column":40},"end":{"line":291,"column":68}},{"start":{"line":291,"column":71},"end":{"line":291,"column":73}}],"line":291},"39":{"loc":{"start":{"line":292,"column":19},"end":{"line":292,"column":78}},"type":"cond-expr","locations":[{"start":{"line":292,"column":32},"end":{"line":292,"column":64}},{"start":{"line":292,"column":67},"end":{"line":292,"column":78}}],"line":292},"40":{"loc":{"start":{"line":293,"column":16},"end":{"line":293,"column":82}},"type":"cond-expr","locations":[{"start":{"line":293,"column":65},"end":{"line":293,"column":73}},{"start":{"line":293,"column":76},"end":{"line":293,"column":82}}],"line":293},"41":{"loc":{"start":{"line":293,"column":16},"end":{"line":293,"column":62}},"type":"binary-expr","locations":[{"start":{"line":293,"column":16},"end":{"line":293,"column":33}},{"start":{"line":293,"column":37},"end":{"line":293,"column":62}}],"line":293},"42":{"loc":{"start":{"line":299,"column":4},"end":{"line":299,"column":46}},"type":"if","locations":[{"start":{"line":299,"column":4},"end":{"line":299,"column":46}},{"start":{},"end":{}}],"line":299},"43":{"loc":{"start":{"line":302,"column":4},"end":{"line":302,"column":65}},"type":"if","locations":[{"start":{"line":302,"column":4},"end":{"line":302,"column":65}},{"start":{},"end":{}}],"line":302},"44":{"loc":{"start":{"line":305,"column":21},"end":{"line":305,"column":82}},"type":"cond-expr","locations":[{"start":{"line":305,"column":35},"end":{"line":305,"column":78}},{"start":{"line":305,"column":81},"end":{"line":305,"column":82}}],"line":305},"45":{"loc":{"start":{"line":306,"column":20},"end":{"line":306,"column":60}},"type":"binary-expr","locations":[{"start":{"line":306,"column":20},"end":{"line":306,"column":45}},{"start":{"line":306,"column":49},"end":{"line":306,"column":60}}],"line":306}},"s":{"0":665,"1":1,"2":664,"3":513,"4":151,"5":151,"6":554,"7":2428,"8":554,"9":19,"10":19,"11":19,"12":19,"13":19,"14":19,"15":19,"16":19,"17":19,"18":19,"19":19,"20":9,"21":4,"22":5,"23":5,"24":0,"25":10,"26":10,"27":10,"28":10,"29":10,"30":10,"31":58,"32":58,"33":18,"34":18,"35":40,"36":40,"37":40,"38":7,"39":3,"40":3,"41":4,"42":4,"43":4,"44":33,"45":20,"46":20,"47":20,"48":13,"49":3,"50":3,"51":3,"52":10,"53":10,"54":22,"55":72,"56":22,"57":8,"58":14,"59":14,"60":56,"61":56,"62":56,"63":0,"64":14,"65":14,"66":14,"67":14,"68":14,"69":448,"70":38,"71":410,"72":410,"73":55,"74":55,"75":48,"76":355,"77":14,"78":14,"79":14,"80":0,"81":14,"82":7,"83":7,"84":7,"85":7,"86":7,"87":7,"88":7,"89":5,"90":2,"91":5,"92":5,"93":5,"94":5,"95":18,"96":18,"97":18,"98":18,"99":5,"100":0,"101":0,"102":5,"103":5,"104":5,"105":13,"106":8,"107":8,"108":8,"109":5,"110":5,"111":9,"112":9,"113":9,"114":9,"115":9,"116":9,"117":16434,"118":16434,"119":28,"120":28,"121":25,"122":16406,"123":9,"124":3,"125":3,"126":3,"127":3,"128":2,"129":3,"130":5,"131":5,"132":10,"133":10,"134":10,"135":10,"136":10,"137":10,"138":10,"139":10,"140":10,"141":113,"142":40,"143":73,"144":73,"145":73,"146":30,"147":10,"148":10,"149":10},"f":{"0":665,"1":554,"2":2428,"3":19,"4":19,"5":22,"6":72,"7":14,"8":7,"9":9,"10":3,"11":5,"12":10},"b":{"0":[1,664],"1":[513,151],"2":[151,151,150],"3":[2428,1966],"4":[0],"5":[19,16],"6":[19,15],"7":[9,10],"8":[19,15],"9":[4,5],"10":[5,0],"11":[5,5],"12":[0,0],"13":[18,40],"14":[7,33],"15":[3,4],"16":[20,13],"17":[3,10],"18":[13,6,5],"19":[10,7],"20":[3],"21":[8,14],"22":[0,56],"23":[38,410],"24":[55,355],"25":[48,7],"26":[0,14],"27":[0],"28":[5,2],"29":[2,3],"30":[5,13],"31":[0,5],"32":[8,5],"33":[28,16406],"34":[25,3],"35":[2,1],"36":[0],"37":[0],"38":[10,0],"39":[10,0],"40":[3,7],"41":[10,10],"42":[40,73],"43":[30,43],"44":[9,1],"45":[10,3]},"_coverageSchema":"1a1c01bbd47fc00a2c39e90264f33305004495a9","hash":"47f61658f5309125622e7d1ad4f79d6a3e7b2287"}
}
