TN:
SF:utils\dates.js
FN:16,isToday
FN:25,isYesterday
FN:34,toLocalDateString
FN:46,formatDateDisplay
FN:56,getDayIndex
FN:65,getDayOfYear
FN:92,gregorianToHijri
FN:133,formatHijriDisplay
FN:148,parseYmd
FN:158,eachDayInclusive
FNF:10
FNH:10
FNDA:5,isToday
FNDA:4,isYesterday
FNDA:17059,toLocalDateString
FNDA:4,formatDateDisplay
FNDA:155,getDayIndex
FNDA:3,getDayOfYear
FNDA:8,gregorianToHijri
FNDA:1,formatHijriDisplay
FNDA:163,parseYmd
FNDA:28,eachDayInclusive
DA:17,5
DA:18,5
DA:26,4
DA:27,4
DA:35,17059
DA:47,4
DA:48,4
DA:49,3
DA:57,155
DA:58,155
DA:66,3
DA:67,3
DA:68,3
DA:71,3
DA:93,8
DA:94,8
DA:95,8
DA:98,8
DA:104,8
DA:105,8
DA:106,8
DA:108,8
DA:110,8
DA:115,8
DA:116,8
DA:117,8
DA:119,8
DA:120,8
DA:121,8
DA:134,1
DA:135,1
DA:136,1
DA:149,163
DA:150,163
DA:159,28
DA:160,28
DA:161,28
DA:162,28
DA:163,16898
DA:164,16898
DA:166,28
LF:41
LH:41
BRDA:17,0,0,3
BRDA:17,0,1,2
BRDA:18,1,0,5
BRDA:18,1,1,4
BRDA:26,2,0,2
BRDA:26,2,1,2
BRDA:27,3,0,4
BRDA:27,3,1,3
BRDA:47,4,0,2
BRDA:47,4,1,2
BRDA:48,5,0,1
BRDA:48,5,1,3
BRDA:49,6,0,0
BRDA:49,6,1,3
BRDA:57,7,0,1
BRDA:57,7,1,154
BRDA:120,8,0,8
BRDA:120,8,1,0
BRF:18
BRH:16
end_of_record
TN:
SF:utils\now.js
FN:8,setDevDateOverride
FN:15,getDevDateOverride
FN:23,now
FN:35,nowIso
FNF:4
FNH:4
FNDA:23,setDevDateOverride
FNDA:4,getDevDateOverride
FNDA:10,now
FNDA:3,nowIso
DA:3,3
DA:9,23
DA:16,4
DA:24,10
DA:25,6
DA:26,6
DA:27,6
DA:29,4
DA:36,3
LF:9
LH:9
BRDA:9,0,0,8
BRDA:9,0,1,15
BRDA:9,1,0,23
BRDA:9,1,1,9
BRDA:24,2,0,6
BRDA:24,2,1,4
BRF:6
BRH:6
end_of_record
TN:
SF:utils\streak.js
FN:15,isHabitDueOnDate
FN:28,isCompletedOnDate
FN:29,(anonymous_2)
FN:39,calculateStreak
FN:51,(anonymous_4)
FN:135,longestStreakEverForHabit
FN:136,(anonymous_6)
FN:168,todayStrFromIso
FN:180,calculateDailyStreak
FN:239,longestDailyStreakFromPredicate
FN:262,maxLongestStreakAcrossHabits
FN:276,isDateInFutureYmd
FN:288,calculateMonthlyConsistency
FNF:13
FNH:13
FNDA:665,isHabitDueOnDate
FNDA:554,isCompletedOnDate
FNDA:2428,(anonymous_2)
FNDA:19,calculateStreak
FNDA:19,(anonymous_4)
FNDA:22,longestStreakEverForHabit
FNDA:72,(anonymous_6)
FNDA:14,todayStrFromIso
FNDA:7,calculateDailyStreak
FNDA:9,longestDailyStreakFromPredicate
FNDA:3,maxLongestStreakAcrossHabits
FNDA:5,isDateInFutureYmd
FNDA:10,calculateMonthlyConsistency
DA:16,665
DA:17,664
DA:18,151
DA:19,151
DA:29,2428
DA:30,554
DA:40,19
DA:41,19
DA:43,19
DA:44,19
DA:46,19
DA:47,19
DA:48,19
DA:49,19
DA:51,19
DA:53,19
DA:54,9
DA:55,4
DA:63,5
DA:64,5
DA:72,0
DA:81,10
DA:82,10
DA:83,10
DA:87,10
DA:88,10
DA:90,10
DA:91,58
DA:92,58
DA:93,18
DA:94,18
DA:96,40
DA:97,40
DA:98,40
DA:99,7
DA:100,3
DA:101,3
DA:103,4
DA:104,4
DA:105,4
DA:107,33
DA:108,20
DA:109,20
DA:110,20
DA:112,13
DA:113,3
DA:114,3
DA:115,3
DA:117,10
DA:120,10
DA:136,72
DA:137,22
DA:139,14
DA:140,14
DA:141,56
DA:142,56
DA:143,56
DA:146,14
DA:147,14
DA:149,14
DA:150,14
DA:151,14
DA:152,448
DA:153,410
DA:154,410
DA:155,55
DA:156,55
DA:158,355
DA:161,14
DA:169,14
DA:170,14
DA:171,14
DA:181,7
DA:182,7
DA:183,7
DA:184,7
DA:186,7
DA:187,7
DA:189,7
DA:190,5
DA:191,2
DA:201,5
DA:202,5
DA:203,5
DA:204,5
DA:205,18
DA:206,18
DA:207,18
DA:208,18
DA:209,5
DA:210,0
DA:211,0
DA:213,5
DA:214,5
DA:215,5
DA:217,13
DA:218,8
DA:219,8
DA:220,8
DA:222,5
DA:225,5
DA:240,9
DA:241,9
DA:242,9
DA:243,9
DA:244,9
DA:245,9
DA:246,16434
DA:247,16434
DA:248,28
DA:249,28
DA:251,16406
DA:254,9
DA:263,3
DA:264,3
DA:265,3
DA:266,3
DA:268,3
DA:277,5
DA:278,5
DA:289,10
DA:290,10
DA:291,10
DA:292,10
DA:293,10
DA:295,10
DA:296,10
DA:298,10
DA:299,113
DA:300,73
DA:301,73
DA:302,73
DA:305,10
DA:306,10
DA:307,10
LF:135
LH:132
BRDA:16,0,0,1
BRDA:16,0,1,664
BRDA:17,1,0,513
BRDA:17,1,1,151
BRDA:19,2,0,151
BRDA:19,2,1,151
BRDA:19,2,2,150
BRDA:29,3,0,2428
BRDA:29,3,1,1966
BRDA:39,4,0,0
BRDA:44,5,0,19
BRDA:44,5,1,16
BRDA:49,6,0,19
BRDA:49,6,1,15
BRDA:53,7,0,9
BRDA:53,7,1,10
BRDA:53,8,0,19
BRDA:53,8,1,15
BRDA:54,9,0,4
BRDA:54,9,1,5
BRDA:63,10,0,5
BRDA:63,10,1,0
BRDA:63,11,0,5
BRDA:63,11,1,5
BRDA:77,12,0,0
BRDA:77,12,1,0
BRDA:92,13,0,18
BRDA:92,13,1,40
BRDA:98,14,0,7
BRDA:98,14,1,33
BRDA:99,15,0,3
BRDA:99,15,1,4
BRDA:107,16,0,20
BRDA:107,16,1,13
BRDA:112,17,0,3
BRDA:112,17,1,10
BRDA:112,18,0,13
BRDA:112,18,1,6
BRDA:112,18,2,5
BRDA:125,19,0,10
BRDA:125,19,1,7
BRDA:135,20,0,3
BRDA:137,21,0,8
BRDA:137,21,1,14
BRDA:143,22,0,0
BRDA:143,22,1,56
BRDA:152,23,0,38
BRDA:152,23,1,410
BRDA:154,24,0,55
BRDA:154,24,1,355
BRDA:156,25,0,48
BRDA:156,25,1,7
BRDA:170,26,0,0
BRDA:170,26,1,14
BRDA:180,27,0,0
BRDA:189,28,0,5
BRDA:189,28,1,2
BRDA:190,29,0,2
BRDA:190,29,1,3
BRDA:208,30,0,5
BRDA:208,30,1,13
BRDA:209,31,0,0
BRDA:209,31,1,5
BRDA:217,32,0,8
BRDA:217,32,1,5
BRDA:247,33,0,28
BRDA:247,33,1,16406
BRDA:249,34,0,25
BRDA:249,34,1,3
BRDA:266,35,0,2
BRDA:266,35,1,1
BRDA:276,36,0,0
BRDA:288,37,0,0
BRDA:291,38,0,10
BRDA:291,38,1,0
BRDA:292,39,0,10
BRDA:292,39,1,0
BRDA:293,40,0,3
BRDA:293,40,1,7
BRDA:293,41,0,10
BRDA:293,41,1,10
BRDA:299,42,0,40
BRDA:299,42,1,73
BRDA:302,43,0,30
BRDA:302,43,1,43
BRDA:305,44,0,9
BRDA:305,44,1,1
BRDA:306,45,0,10
BRDA:306,45,1,3
BRF:89
BRH:77
end_of_record
